<?xml version="1.0" encoding="UTF-8"?>
<testsuite name="TestSuite" time="26.222" tests="6" errors="0" skipped="0" failures="4">
  <properties>
[...]
</properties>
  <testcase name="failedTest[0] on failedTest[0](com.shbtechno.tests.search.TestFailures)" classname="com.shbtechno.tests.search.TestFailures" time="1.51">
    <failure type="java.lang.AssertionError:">java.lang.AssertionError: null
	at org.junit.Assert.fail(Assert.java:86)
	at org.junit.Assert.fail(Assert.java:95)
	at com.shbtechno.tests.search.TestFailures.failedTest(TestFailures.java:66)
</failure>
    <system-out><![CDATA[Configuring TestNG with: TestNG652Configurator
Configuring TestNG with: TestNG652Configurator
]]></system-out>
    <system-err><![CDATA[687 [main] INFO net.thucydides.core.steps.ConsoleLoggingListener - 

-------------------------------------------------------------------------------------
     _______. _______ .______       _______ .__   __.  __  .___________.____    ____ 
    /       ||   ____||   _  \     |   ____||  \ |  | |  | |           |\   \  /   / 
   |   (----`|  |__   |  |_)  |    |  |__   |   \|  | |  | `---|  |----` \   \/   /  
    \   \    |   __|  |      /     |   __|  |  . `  | |  |     |  |       \_    _/   
.----)   |   |  |____ |  |\  \----.|  |____ |  |\   | |  |     |  |         |  |     
|_______/    |_______|| _| `._____||_______||__| \__| |__|     |__|         |__|    
                                                                                     
 News and tutorials at http://www.serenity-bdd.info                                  
 Documentation at https://wakaleo.gitbooks.io/the-serenity-book/content/             
 Join the Serenity Community on Rocket Chat at https://serenity-bdd.rocket.chat      
 Serenity BDD Support and Training at http://serenity-bdd.info/#/trainingandsupport  
 Learn Serenity BDD online at http://serenity-dojo.com                               
-------------------------------------------------------------------------------------

2287 [TestFailures-2-thread-1] INFO net.thucydides.core.steps.ConsoleLoggingListener - Test Suite Started: Test failures
3017 [TestFailures-2-thread-1] INFO net.thucydides.core.steps.ConsoleLoggingListener - 
 _____ _____ ____ _____   ____ _____  _    ____ _____ _____ ____  
|_   _| ____/ ___|_   _| / ___|_   _|/ \  |  _ \_   _| ____|  _ \ 
  | | |  _| \___ \ | |   \___ \ | | / _ \ | |_) || | |  _| | | | |
  | | | |___ ___) || |    ___) || |/ ___ \|  _ < | | | |___| |_| |
  |_| |_____|____/ |_|   |____/ |_/_/   \_\_| \_\|_| |_____|____/ 
                                                                  

TEST STARTED: failedTest[0]
-------------------------------------------------------------------
3017 [TestFailures-2-thread-1] INFO net.serenitybdd.core.Serenity - TEST NUMBER: 1
3134 [TestFailures-2-thread-2] INFO net.thucydides.core.steps.ConsoleLoggingListener - Test Suite Started: Test failures
3660 [TestFailures-2-thread-2] INFO net.thucydides.core.steps.ConsoleLoggingListener - 
 _____ _____ ____ _____   ____ _____  _    ____ _____ _____ ____  
|_   _| ____/ ___|_   _| / ___|_   _|/ \  |  _ \_   _| ____|  _ \ 
  | | |  _| \___ \ | |   \___ \ | | / _ \ | |_) || | |  _| | | | |
  | | | |___ ___) || |    ___) || |/ ___ \|  _ < | | | |___| |_| |
  |_| |_____|____/ |_|   |____/ |_/_/   \_\_| \_\|_| |_____|____/ 
                                                                  

TEST STARTED: failedTest[1]
-------------------------------------------------------------------
3660 [TestFailures-2-thread-2] INFO net.serenitybdd.core.Serenity - TEST NUMBER: 2
]]></system-err>
  </testcase>
  <testcase name="failedTest[1] on failedTest[1](com.shbtechno.tests.search.TestFailures)" classname="com.shbtechno.tests.search.TestFailures" time="2.446">
    <failure type="java.lang.AssertionError:">java.lang.AssertionError: null
	at org.junit.Assert.fail(Assert.java:86)
	at org.junit.Assert.fail(Assert.java:95)
	at com.shbtechno.tests.search.TestFailures.failedTest(TestFailures.java:66)
</failure>
  </testcase>
  <testcase name="enterSearchInGoogle[1] on enterSearchInGoogle[1](com.shbtechno.tests.search.TestFailures)" classname="com.shbtechno.tests.search.TestFailures" time="9.988"/>
  <testcase name="enterSearchInGoogle[0] on enterSearchInGoogle[0](com.shbtechno.tests.search.TestFailures)" classname="com.shbtechno.tests.search.TestFailures" time="11.184"/>
  <testcase name="failedTestSoft[1] on failedTestSoft[1](com.shbtechno.tests.search.TestFailures)" classname="com.shbtechno.tests.search.TestFailures" time="0.547">
    <failure message="The following asserts failed:&#10;	null" type="java.lang.AssertionError">java.lang.AssertionError: The following asserts failed:
	null
	at org.testng.asserts.SoftAssert.assertAll(SoftAssert.java:43)
	at com.shbtechno.tests.search.TestFailures.failedTestSoft(TestFailures.java:75)
</failure>
    <system-err><![CDATA[18627 [TestFailures-2-thread-1] INFO net.thucydides.core.steps.ConsoleLoggingListener - 
        __    _____ _____ ____ _____   ____   _    ____  ____  _____ ____  
  _     \ \  |_   _| ____/ ___|_   _| |  _ \ / \  / ___|/ ___|| ____|  _ \ 
 (_)_____| |   | | |  _| \___ \ | |   | |_) / _ \ \___ \\___ \|  _| | | | |
  _|_____| |   | | | |___ ___) || |   |  __/ ___ \ ___) |___) | |___| |_| |
 (_)     | |   |_| |_____|____/ |_|   |_| /_/   \_\____/|____/|_____|____/ 
        /_/                                                                

TEST PASSED: Verify entering text in Google search
----------------------------------------------------------------------------
19379 [TestFailures-2-thread-2] INFO net.thucydides.core.steps.ConsoleLoggingListener - 
 _____ _____ ____ _____   ____ _____  _    ____ _____ _____ ____  
|_   _| ____/ ___|_   _| / ___|_   _|/ \  |  _ \_   _| ____|  _ \ 
  | | |  _| \___ \ | |   \___ \ | | / _ \ | |_) || | |  _| | | | |
  | | | |___ ___) || |    ___) || |/ ___ \|  _ < | | | |___| |_| |
  |_| |_____|____/ |_|   |____/ |_/_/   \_\_| \_\|_| |_____|____/ 
                                                                  

TEST STARTED: failedTestSoft[1]
-------------------------------------------------------------------
19379 [TestFailures-2-thread-2] INFO net.serenitybdd.core.Serenity - TEST NUMBER: 5
19925 [TestFailures-2-thread-1] INFO net.thucydides.core.steps.ConsoleLoggingListener - 
 _____ _____ ____ _____   ____ _____  _    ____ _____ _____ ____  
|_   _| ____/ ___|_   _| / ___|_   _|/ \  |  _ \_   _| ____|  _ \ 
  | | |  _| \___ \ | |   \___ \ | | / _ \ | |_) || | |  _| | | | |
  | | | |___ ___) || |    ___) || |/ ___ \|  _ < | | | |___| |_| |
  |_| |_____|____/ |_|   |____/ |_/_/   \_\_| \_\|_| |_____|____/ 
                                                                  

TEST STARTED: failedTestSoft[0]
-------------------------------------------------------------------
19925 [TestFailures-2-thread-1] INFO net.serenitybdd.core.Serenity - TEST NUMBER: 6
]]></system-err>
  </testcase>
  <testcase name="failedTestSoft[0] on failedTestSoft[0](com.shbtechno.tests.search.TestFailures)" classname="com.shbtechno.tests.search.TestFailures" time="0.547">
    <failure message="The following asserts failed:&#10;	null" type="java.lang.AssertionError">java.lang.AssertionError: The following asserts failed:
	null
	at org.testng.asserts.SoftAssert.assertAll(SoftAssert.java:43)
	at com.shbtechno.tests.search.TestFailures.failedTestSoft(TestFailures.java:75)
</failure>
  </testcase>
</testsuite>