<?xml version="1.0" encoding="UTF-8"?>
<testsuite name="com.shbtechno.tests.applicationService.post.GoogleSearch" time="15.477" tests="2" errors="0" skipped="0" failures="1">
  <properties>
[...]
</properties>
  <testcase name="enterSearchInGoogle[0]" classname="com.shbtechno.tests.applicationService.post.GoogleSearch" time="8.465">
    <failure message="expected:&lt;&quot;Sign in[ Not]&quot;&gt; but was:&lt;&quot;Sign in[]&quot;&gt;" type="java.lang.AssertionError"><![CDATA[java.lang.AssertionError: expected:<"Sign in[ Not]"> but was:<"Sign in[]">
	at com.shbtechno.pages.BasePage.verifySignButtonAvailableFailedTest(BasePage.java:36)
	at com.shbtechno.steps.GoogleSearchSteps.verifySignButtonFailedTest(GoogleSearchSteps.java:31)
	at com.shbtechno.tests.applicationService.post.GoogleSearch.enterSearchInGoogle(GoogleSearch.java:59)
]]></failure>
    <system-out><![CDATA[shoheb
sign in text is : Sign in
]]></system-out>
    <system-err><![CDATA[1578 [GoogleSearch-4-thread-1] INFO  - 

-------------------------------------------------------------------------------------
     _______. _______ .______       _______ .__   __.  __  .___________.____    ____ 
    /       ||   ____||   _  \     |   ____||  \ |  | |  | |           |\   \  /   / 
   |   (----`|  |__   |  |_)  |    |  |__   |   \|  | |  | `---|  |----` \   \/   /  
    \   \    |   __|  |      /     |   __|  |  . `  | |  |     |  |       \_    _/   
.----)   |   |  |____ |  |\  \----.|  |____ |  |\   | |  |     |  |         |  |     
|_______/    |_______|| _| `._____||_______||__| \__| |__|     |__|         |__|    
                                                                                     
 News and tutorials at http://www.serenity-bdd.info                                  
 Documentation at https://wakaleo.gitbooks.io/the-serenity-book/content/             
 Join the Serenity Community on Gitter: https://gitter.im/serenity-bdd/serenity-core 
 Serenity BDD Support and Training at http://serenity-bdd.info/#/trainingandsupport  
 Learn Serenity BDD online at https://www.serenitydojo.net                           
-------------------------------------------------------------------------------------

2140 [GoogleSearch-4-thread-1] INFO  - Test Suite Started: Google search
2890 [GoogleSearch-4-thread-1] INFO  - 
 _____ _____ ____ _____   ____ _____  _    ____ _____ _____ ____  
|_   _| ____/ ___|_   _| / ___|_   _|/ \  |  _ \_   _| ____|  _ \ 
  | | |  _| \___ \ | |   \___ \ | | / _ \ | |_) || | |  _| | | | |
  | | | |___ ___) || |    ___) || |/ ___ \|  _ < | | | |___| |_| |
  |_| |_____|____/ |_|   |____/ |_/_/   \_\_| \_\|_| |_____|____/ 

enterSearchInGoogle[0]
-------------------------------------------------------------------
Mar 20, 2020 4:35:12 PM org.openqa.selenium.remote.DesiredCapabilities chrome
INFO: Using `new ChromeOptions()` is preferred to `DesiredCapabilities.chrome()`
3905 [GoogleSearch-4-thread-1] INFO net.serenitybdd.core.webdriver.driverproviders.ProvideNewDriver - Instantiating driver
3921 [GoogleSearch-4-thread-1] INFO net.serenitybdd.core.webdriver.driverproviders.ProvideNewDriver - Driver capabilities: Capabilities {acceptInsecureCerts: false, browserName: chrome, goog:chromeOptions: {args: [], extensions: []}, loggingPrefs: org.openqa.selenium.logging..., platform: ANY, version: }
Starting ChromeDriver 2.44.609538 (b655c5a60b0b544917107a59d4153d4bf78e1b90) on port 42230
Only local connections are allowed.
Mar 20, 2020 4:35:16 PM org.openqa.selenium.remote.ProtocolHandshake createSession
INFO: Detected dialect: OSS
]]></system-err>
  </testcase>
  <testcase name="enterSearchInGoogle1[0]" classname="com.shbtechno.tests.applicationService.post.GoogleSearch" time="7.012"/>
</testsuite>