<?xml version="1.0" encoding="UTF-8"?><testsuite errors="0" failures="1" name="com.shbtechno.tests.applicationService.post.GoogleSearch" skipped="0" tests="2" time="11.75" timestamp="2020-03-20 04:35:29"><testcase classname="com.shbtechno.tests.applicationService.post.GoogleSearch" name="Verify entering text in Google search - Failed test"><failure message="expected:&lt;&quot;Sign in[ Not]&quot;&gt; but was:&lt;&quot;Sign in[]&quot;&gt;" type="java.lang.AssertionError">expected:&lt;"Sign in[ Not]"&gt; but was:&lt;"Sign in[]"&gt;</failure><system-err>expected:&lt;"Sign in[ Not]"&gt; but was:&lt;"Sign in[]"&gt;&#13;
com.shbtechno.pages.BasePage.verifySignButtonAvailableFailedTest(BasePage.java:36)&#13;
com.shbtechno.steps.GoogleSearchSteps.verifySignButtonFailedTest(GoogleSearchSteps.java:31)&#13;
com.shbtechno.tests.applicationService.post.GoogleSearch.enterSearchInGoogle(GoogleSearch.java:59)&#13;
</system-err></testcase><testcase classname="com.shbtechno.tests.applicationService.post.GoogleSearch" name="Verify entering text in Google search - Passed test"/></testsuite>